<?xml version="1.0" encoding="UTF-8"?>
<testng-results total="2" passed="2" failed="0" skipped="0">
  <reporter-output>
  </reporter-output>
  <suite started-at="2024-07-02T17:43:42Z" name="Test Suite for Buildout" finished-at="2024-07-02T17:44:12Z" duration-ms="29897">
    <groups>
    </groups>
    <test started-at="2024-07-02T17:43:42Z" name="Test Cases for Buildout" finished-at="2024-07-02T17:44:12Z" duration-ms="29897">
      <class name="demo.TestCases">
        <test-method is-config="true" signature="startBrowser()[pri:0, instance:demo.TestCases@73163d48]" started-at="2024-07-02T23:13:42Z" name="startBrowser" finished-at="2024-07-02T23:13:45Z" duration-ms="2875" status="PASS">
          <reporter-output>
          </reporter-output>
        </test-method> <!-- startBrowser -->
        <test-method signature="testCase01()[pri:0, instance:demo.TestCases@73163d48]" started-at="2024-07-02T23:13:45Z" name="testCase01" finished-at="2024-07-02T23:13:56Z" duration-ms="11011" status="PASS">
          <reporter-output>
          </reporter-output>
        </test-method> <!-- testCase01 -->
        <test-method signature="testCase02()[pri:0, instance:demo.TestCases@73163d48]" started-at="2024-07-02T23:13:56Z" name="testCase02" finished-at="2024-07-02T23:14:12Z" duration-ms="16000" status="PASS">
          <reporter-output>
          </reporter-output>
        </test-method> <!-- testCase02 -->
        <test-method is-config="true" signature="closeBrowser()[pri:0, instance:demo.TestCases@73163d48]" started-at="2024-07-02T23:14:12Z" name="closeBrowser" finished-at="2024-07-02T23:14:12Z" duration-ms="188" status="PASS">
          <reporter-output>
          </reporter-output>
        </test-method> <!-- closeBrowser -->
      </class> <!-- demo.TestCases -->
    </test> <!-- Test Cases for Buildout -->
  </suite> <!-- Test Suite for Buildout -->
</testng-results>
